2024-08-30T18:33:01.026+03:00  INFO 19040 --- [Money Transfer] [restartedMain] c.e.m.MoneyTransferApplication           : Starting MoneyTransferApplication using Java 21.0.1 with PID 19040 (D:\Java\Money Transfer\target\classes started by pc in D:\Java\Money Transfer)
2024-08-30T18:33:01.033+03:00  INFO 19040 --- [Money Transfer] [restartedMain] c.e.m.MoneyTransferApplication           : No active profile set, falling back to 1 default profile: "default"
2024-08-30T18:33:01.085+03:00  INFO 19040 --- [Money Transfer] [restartedMain] .e.DevToolsPropertyDefaultsPostProcessor : Devtools property defaults active! Set 'spring.devtools.add-properties' to 'false' to disable
2024-08-30T18:33:01.085+03:00  INFO 19040 --- [Money Transfer] [restartedMain] .e.DevToolsPropertyDefaultsPostProcessor : For additional web related logging consider setting the 'logging.level.web' property to 'DEBUG'
2024-08-30T18:33:01.535+03:00  INFO 19040 --- [Money Transfer] [restartedMain] .s.d.r.c.RepositoryConfigurationDelegate : Bootstrapping Spring Data JPA repositories in DEFAULT mode.
2024-08-30T18:33:01.569+03:00  INFO 19040 --- [Money Transfer] [restartedMain] .s.d.r.c.RepositoryConfigurationDelegate : Finished Spring Data repository scanning in 28 ms. Found 4 JPA repository interfaces.
2024-08-30T18:33:02.055+03:00  INFO 19040 --- [Money Transfer] [restartedMain] o.s.b.w.embedded.tomcat.TomcatWebServer  : Tomcat initialized with port 8080 (http)
2024-08-30T18:33:02.066+03:00  INFO 19040 --- [Money Transfer] [restartedMain] o.apache.catalina.core.StandardService   : Starting service [Tomcat]
2024-08-30T18:33:02.066+03:00  INFO 19040 --- [Money Transfer] [restartedMain] o.apache.catalina.core.StandardEngine    : Starting Servlet engine: [Apache Tomcat/10.1.28]
2024-08-30T18:33:02.095+03:00  INFO 19040 --- [Money Transfer] [restartedMain] o.a.c.c.C.[Tomcat].[localhost].[/]       : Initializing Spring embedded WebApplicationContext
2024-08-30T18:33:02.096+03:00  INFO 19040 --- [Money Transfer] [restartedMain] w.s.c.ServletWebServerApplicationContext : Root WebApplicationContext: initialization completed in 1010 ms
2024-08-30T18:33:02.196+03:00  INFO 19040 --- [Money Transfer] [restartedMain] o.hibernate.jpa.internal.util.LogHelper  : HHH000204: Processing PersistenceUnitInfo [name: default]
2024-08-30T18:33:02.240+03:00  INFO 19040 --- [Money Transfer] [restartedMain] org.hibernate.Version                    : HHH000412: Hibernate ORM core version 6.5.2.Final
2024-08-30T18:33:02.263+03:00  INFO 19040 --- [Money Transfer] [restartedMain] o.h.c.internal.RegionFactoryInitiator    : HHH000026: Second-level cache disabled
2024-08-30T18:33:02.472+03:00  INFO 19040 --- [Money Transfer] [restartedMain] o.s.o.j.p.SpringPersistenceUnitInfo      : No LoadTimeWeaver setup: ignoring JPA class transformer
2024-08-30T18:33:02.490+03:00  INFO 19040 --- [Money Transfer] [restartedMain] com.zaxxer.hikari.HikariDataSource       : HikariPool-1 - Starting...
2024-08-30T18:33:02.622+03:00  INFO 19040 --- [Money Transfer] [restartedMain] com.zaxxer.hikari.pool.HikariPool        : HikariPool-1 - Added connection org.postgresql.jdbc.PgConnection@8844f69
2024-08-30T18:33:02.623+03:00  INFO 19040 --- [Money Transfer] [restartedMain] com.zaxxer.hikari.HikariDataSource       : HikariPool-1 - Start completed.
2024-08-30T18:33:02.672+03:00  WARN 19040 --- [Money Transfer] [restartedMain] org.hibernate.orm.deprecation            : HHH90000025: PostgreSQLDialect does not need to be specified explicitly using 'hibernate.dialect' (remove the property setting and it will be selected by default)
2024-08-30T18:33:03.272+03:00  INFO 19040 --- [Money Transfer] [restartedMain] o.h.e.t.j.p.i.JtaPlatformInitiator       : HHH000489: No JTA platform available (set 'hibernate.transaction.jta.platform' to enable JTA platform integration)
2024-08-30T18:33:03.387+03:00  INFO 19040 --- [Money Transfer] [restartedMain] j.LocalContainerEntityManagerFactoryBean : Initialized JPA EntityManagerFactory for persistence unit 'default'
2024-08-30T18:33:03.613+03:00  WARN 19040 --- [Money Transfer] [restartedMain] JpaBaseConfiguration$JpaWebConfiguration : spring.jpa.open-in-view is enabled by default. Therefore, database queries may be performed during view rendering. Explicitly configure spring.jpa.open-in-view to disable this warning
2024-08-30T18:33:03.626+03:00  INFO 19040 --- [Money Transfer] [restartedMain] r$InitializeUserDetailsManagerConfigurer : Global AuthenticationManager configured with UserDetailsService bean with name customUserDetailsService
2024-08-30T18:33:03.792+03:00 DEBUG 19040 --- [Money Transfer] [restartedMain] o.s.s.web.DefaultSecurityFilterChain     : Will secure any request with filters: DisableEncodeUrlFilter, WebAsyncManagerIntegrationFilter, SecurityContextHolderFilter, HeaderWriterFilter, CsrfFilter, LogoutFilter, UsernamePasswordAuthenticationFilter, DefaultLoginPageGeneratingFilter, DefaultLogoutPageGeneratingFilter, BasicAuthenticationFilter, RequestCacheAwareFilter, SecurityContextHolderAwareRequestFilter, AnonymousAuthenticationFilter, ExceptionTranslationFilter, AuthorizationFilter
2024-08-30T18:33:03.950+03:00  INFO 19040 --- [Money Transfer] [restartedMain] o.s.b.d.a.OptionalLiveReloadServer       : LiveReload server is running on port 35729
2024-08-30T18:33:03.973+03:00  INFO 19040 --- [Money Transfer] [restartedMain] o.s.b.w.embedded.tomcat.TomcatWebServer  : Tomcat started on port 8080 (http) with context path '/'
2024-08-30T18:33:03.978+03:00  INFO 19040 --- [Money Transfer] [restartedMain] c.e.m.MoneyTransferApplication           : Started MoneyTransferApplication in 3.224 seconds (process running for 4.175)
2024-08-30T18:33:13.938+03:00  INFO 19040 --- [Money Transfer] [http-nio-8080-exec-1] o.a.c.c.C.[Tomcat].[localhost].[/]       : Initializing Spring DispatcherServlet 'dispatcherServlet'
2024-08-30T18:33:13.938+03:00  INFO 19040 --- [Money Transfer] [http-nio-8080-exec-1] o.s.web.servlet.DispatcherServlet        : Initializing Servlet 'dispatcherServlet'
2024-08-30T18:33:13.939+03:00  INFO 19040 --- [Money Transfer] [http-nio-8080-exec-1] o.s.web.servlet.DispatcherServlet        : Completed initialization in 1 ms
2024-08-30T18:33:13.951+03:00 DEBUG 19040 --- [Money Transfer] [http-nio-8080-exec-1] o.s.security.web.FilterChainProxy        : Securing POST /api/register
2024-08-30T18:33:13.962+03:00 DEBUG 19040 --- [Money Transfer] [http-nio-8080-exec-1] o.s.security.web.csrf.CsrfFilter         : Invalid CSRF token found for http://localhost:8080/api/register
2024-08-30T18:33:13.962+03:00 DEBUG 19040 --- [Money Transfer] [http-nio-8080-exec-1] o.s.s.w.access.AccessDeniedHandlerImpl   : Responding with 403 status code
2024-08-30T18:33:13.967+03:00 DEBUG 19040 --- [Money Transfer] [http-nio-8080-exec-1] o.s.security.web.FilterChainProxy        : Securing POST /error
2024-08-30T18:33:13.969+03:00 DEBUG 19040 --- [Money Transfer] [http-nio-8080-exec-1] o.s.s.w.a.AnonymousAuthenticationFilter  : Set SecurityContextHolder to anonymous SecurityContext
2024-08-30T18:33:13.971+03:00 DEBUG 19040 --- [Money Transfer] [http-nio-8080-exec-1] s.w.a.DelegatingAuthenticationEntryPoint : Trying to match using And [Not [RequestHeaderRequestMatcher [expectedHeaderName=X-Requested-With, expectedHeaderValue=XMLHttpRequest]], MediaTypeRequestMatcher [contentNegotiationStrategy=org.springframework.web.accept.ContentNegotiationManager@6e05a45a, matchingMediaTypes=[application/xhtml+xml, image/*, text/html, text/plain], useEquals=false, ignoredMediaTypes=[*/*]]]
2024-08-30T18:33:13.972+03:00 DEBUG 19040 --- [Money Transfer] [http-nio-8080-exec-1] s.w.a.DelegatingAuthenticationEntryPoint : Trying to match using Or [RequestHeaderRequestMatcher [expectedHeaderName=X-Requested-With, expectedHeaderValue=XMLHttpRequest], And [Not [MediaTypeRequestMatcher [contentNegotiationStrategy=org.springframework.web.accept.ContentNegotiationManager@6e05a45a, matchingMediaTypes=[text/html], useEquals=false, ignoredMediaTypes=[]]], MediaTypeRequestMatcher [contentNegotiationStrategy=org.springframework.web.accept.ContentNegotiationManager@6e05a45a, matchingMediaTypes=[application/atom+xml, application/x-www-form-urlencoded, application/json, application/octet-stream, application/xml, multipart/form-data, text/xml], useEquals=false, ignoredMediaTypes=[*/*]]], MediaTypeRequestMatcher [contentNegotiationStrategy=org.springframework.web.accept.ContentNegotiationManager@6e05a45a, matchingMediaTypes=[*/*], useEquals=true, ignoredMediaTypes=[]]]
2024-08-30T18:33:13.972+03:00 DEBUG 19040 --- [Money Transfer] [http-nio-8080-exec-1] s.w.a.DelegatingAuthenticationEntryPoint : Match found! Executing org.springframework.security.web.authentication.DelegatingAuthenticationEntryPoint@51a00147
2024-08-30T18:33:13.972+03:00 DEBUG 19040 --- [Money Transfer] [http-nio-8080-exec-1] s.w.a.DelegatingAuthenticationEntryPoint : Trying to match using RequestHeaderRequestMatcher [expectedHeaderName=X-Requested-With, expectedHeaderValue=XMLHttpRequest]
2024-08-30T18:33:13.972+03:00 DEBUG 19040 --- [Money Transfer] [http-nio-8080-exec-1] s.w.a.DelegatingAuthenticationEntryPoint : No match found. Using default entry point org.springframework.security.web.authentication.www.BasicAuthenticationEntryPoint@3a033854
2024-08-30T18:33:15.996+03:00 DEBUG 19040 --- [Money Transfer] [http-nio-8080-exec-3] o.s.security.web.FilterChainProxy        : Securing POST /api/register
2024-08-30T18:33:15.996+03:00 DEBUG 19040 --- [Money Transfer] [http-nio-8080-exec-3] o.s.security.web.csrf.CsrfFilter         : Invalid CSRF token found for http://localhost:8080/api/register
2024-08-30T18:33:15.996+03:00 DEBUG 19040 --- [Money Transfer] [http-nio-8080-exec-3] o.s.s.w.access.AccessDeniedHandlerImpl   : Responding with 403 status code
2024-08-30T18:33:15.997+03:00 DEBUG 19040 --- [Money Transfer] [http-nio-8080-exec-3] o.s.security.web.FilterChainProxy        : Securing POST /error
2024-08-30T18:33:15.997+03:00 DEBUG 19040 --- [Money Transfer] [http-nio-8080-exec-3] o.s.s.w.a.AnonymousAuthenticationFilter  : Set SecurityContextHolder to anonymous SecurityContext
2024-08-30T18:33:15.997+03:00 DEBUG 19040 --- [Money Transfer] [http-nio-8080-exec-3] s.w.a.DelegatingAuthenticationEntryPoint : Trying to match using And [Not [RequestHeaderRequestMatcher [expectedHeaderName=X-Requested-With, expectedHeaderValue=XMLHttpRequest]], MediaTypeRequestMatcher [contentNegotiationStrategy=org.springframework.web.accept.ContentNegotiationManager@6e05a45a, matchingMediaTypes=[application/xhtml+xml, image/*, text/html, text/plain], useEquals=false, ignoredMediaTypes=[*/*]]]
2024-08-30T18:33:15.997+03:00 DEBUG 19040 --- [Money Transfer] [http-nio-8080-exec-3] s.w.a.DelegatingAuthenticationEntryPoint : Trying to match using Or [RequestHeaderRequestMatcher [expectedHeaderName=X-Requested-With, expectedHeaderValue=XMLHttpRequest], And [Not [MediaTypeRequestMatcher [contentNegotiationStrategy=org.springframework.web.accept.ContentNegotiationManager@6e05a45a, matchingMediaTypes=[text/html], useEquals=false, ignoredMediaTypes=[]]], MediaTypeRequestMatcher [contentNegotiationStrategy=org.springframework.web.accept.ContentNegotiationManager@6e05a45a, matchingMediaTypes=[application/atom+xml, application/x-www-form-urlencoded, application/json, application/octet-stream, application/xml, multipart/form-data, text/xml], useEquals=false, ignoredMediaTypes=[*/*]]], MediaTypeRequestMatcher [contentNegotiationStrategy=org.springframework.web.accept.ContentNegotiationManager@6e05a45a, matchingMediaTypes=[*/*], useEquals=true, ignoredMediaTypes=[]]]
2024-08-30T18:33:15.997+03:00 DEBUG 19040 --- [Money Transfer] [http-nio-8080-exec-3] s.w.a.DelegatingAuthenticationEntryPoint : Match found! Executing org.springframework.security.web.authentication.DelegatingAuthenticationEntryPoint@51a00147
2024-08-30T18:33:15.997+03:00 DEBUG 19040 --- [Money Transfer] [http-nio-8080-exec-3] s.w.a.DelegatingAuthenticationEntryPoint : Trying to match using RequestHeaderRequestMatcher [expectedHeaderName=X-Requested-With, expectedHeaderValue=XMLHttpRequest]
2024-08-30T18:33:15.997+03:00 DEBUG 19040 --- [Money Transfer] [http-nio-8080-exec-3] s.w.a.DelegatingAuthenticationEntryPoint : No match found. Using default entry point org.springframework.security.web.authentication.www.BasicAuthenticationEntryPoint@3a033854
2024-08-30T18:33:30.635+03:00 DEBUG 19040 --- [Money Transfer] [http-nio-8080-exec-4] o.s.security.web.FilterChainProxy        : Securing POST /api/register
2024-08-30T18:33:30.636+03:00 DEBUG 19040 --- [Money Transfer] [http-nio-8080-exec-4] o.s.security.web.csrf.CsrfFilter         : Invalid CSRF token found for http://localhost:8080/api/register
2024-08-30T18:33:30.636+03:00 DEBUG 19040 --- [Money Transfer] [http-nio-8080-exec-4] o.s.s.w.access.AccessDeniedHandlerImpl   : Responding with 403 status code
2024-08-30T18:33:30.636+03:00 DEBUG 19040 --- [Money Transfer] [http-nio-8080-exec-4] o.s.security.web.FilterChainProxy        : Securing POST /error
2024-08-30T18:33:30.636+03:00 DEBUG 19040 --- [Money Transfer] [http-nio-8080-exec-4] o.s.s.w.a.AnonymousAuthenticationFilter  : Set SecurityContextHolder to anonymous SecurityContext
2024-08-30T18:33:30.637+03:00 DEBUG 19040 --- [Money Transfer] [http-nio-8080-exec-4] s.w.a.DelegatingAuthenticationEntryPoint : Trying to match using And [Not [RequestHeaderRequestMatcher [expectedHeaderName=X-Requested-With, expectedHeaderValue=XMLHttpRequest]], MediaTypeRequestMatcher [contentNegotiationStrategy=org.springframework.web.accept.ContentNegotiationManager@6e05a45a, matchingMediaTypes=[application/xhtml+xml, image/*, text/html, text/plain], useEquals=false, ignoredMediaTypes=[*/*]]]
2024-08-30T18:33:30.637+03:00 DEBUG 19040 --- [Money Transfer] [http-nio-8080-exec-4] s.w.a.DelegatingAuthenticationEntryPoint : Trying to match using Or [RequestHeaderRequestMatcher [expectedHeaderName=X-Requested-With, expectedHeaderValue=XMLHttpRequest], And [Not [MediaTypeRequestMatcher [contentNegotiationStrategy=org.springframework.web.accept.ContentNegotiationManager@6e05a45a, matchingMediaTypes=[text/html], useEquals=false, ignoredMediaTypes=[]]], MediaTypeRequestMatcher [contentNegotiationStrategy=org.springframework.web.accept.ContentNegotiationManager@6e05a45a, matchingMediaTypes=[application/atom+xml, application/x-www-form-urlencoded, application/json, application/octet-stream, application/xml, multipart/form-data, text/xml], useEquals=false, ignoredMediaTypes=[*/*]]], MediaTypeRequestMatcher [contentNegotiationStrategy=org.springframework.web.accept.ContentNegotiationManager@6e05a45a, matchingMediaTypes=[*/*], useEquals=true, ignoredMediaTypes=[]]]
2024-08-30T18:33:30.637+03:00 DEBUG 19040 --- [Money Transfer] [http-nio-8080-exec-4] s.w.a.DelegatingAuthenticationEntryPoint : Match found! Executing org.springframework.security.web.authentication.DelegatingAuthenticationEntryPoint@51a00147
2024-08-30T18:33:30.637+03:00 DEBUG 19040 --- [Money Transfer] [http-nio-8080-exec-4] s.w.a.DelegatingAuthenticationEntryPoint : Trying to match using RequestHeaderRequestMatcher [expectedHeaderName=X-Requested-With, expectedHeaderValue=XMLHttpRequest]
2024-08-30T18:33:30.637+03:00 DEBUG 19040 --- [Money Transfer] [http-nio-8080-exec-4] s.w.a.DelegatingAuthenticationEntryPoint : No match found. Using default entry point org.springframework.security.web.authentication.www.BasicAuthenticationEntryPoint@3a033854
2024-08-30T18:33:32.475+03:00 DEBUG 19040 --- [Money Transfer] [http-nio-8080-exec-5] o.s.security.web.FilterChainProxy        : Securing POST /api/login
2024-08-30T18:33:32.475+03:00 DEBUG 19040 --- [Money Transfer] [http-nio-8080-exec-5] o.s.security.web.csrf.CsrfFilter         : Invalid CSRF token found for http://localhost:8080/api/login
2024-08-30T18:33:32.475+03:00 DEBUG 19040 --- [Money Transfer] [http-nio-8080-exec-5] o.s.s.w.access.AccessDeniedHandlerImpl   : Responding with 403 status code
2024-08-30T18:33:32.476+03:00 DEBUG 19040 --- [Money Transfer] [http-nio-8080-exec-5] o.s.security.web.FilterChainProxy        : Securing POST /error
2024-08-30T18:33:32.476+03:00 DEBUG 19040 --- [Money Transfer] [http-nio-8080-exec-5] o.s.s.w.a.AnonymousAuthenticationFilter  : Set SecurityContextHolder to anonymous SecurityContext
2024-08-30T18:33:32.476+03:00 DEBUG 19040 --- [Money Transfer] [http-nio-8080-exec-5] s.w.a.DelegatingAuthenticationEntryPoint : Trying to match using And [Not [RequestHeaderRequestMatcher [expectedHeaderName=X-Requested-With, expectedHeaderValue=XMLHttpRequest]], MediaTypeRequestMatcher [contentNegotiationStrategy=org.springframework.web.accept.ContentNegotiationManager@6e05a45a, matchingMediaTypes=[application/xhtml+xml, image/*, text/html, text/plain], useEquals=false, ignoredMediaTypes=[*/*]]]
2024-08-30T18:33:32.477+03:00 DEBUG 19040 --- [Money Transfer] [http-nio-8080-exec-5] s.w.a.DelegatingAuthenticationEntryPoint : Trying to match using Or [RequestHeaderRequestMatcher [expectedHeaderName=X-Requested-With, expectedHeaderValue=XMLHttpRequest], And [Not [MediaTypeRequestMatcher [contentNegotiationStrategy=org.springframework.web.accept.ContentNegotiationManager@6e05a45a, matchingMediaTypes=[text/html], useEquals=false, ignoredMediaTypes=[]]], MediaTypeRequestMatcher [contentNegotiationStrategy=org.springframework.web.accept.ContentNegotiationManager@6e05a45a, matchingMediaTypes=[application/atom+xml, application/x-www-form-urlencoded, application/json, application/octet-stream, application/xml, multipart/form-data, text/xml], useEquals=false, ignoredMediaTypes=[*/*]]], MediaTypeRequestMatcher [contentNegotiationStrategy=org.springframework.web.accept.ContentNegotiationManager@6e05a45a, matchingMediaTypes=[*/*], useEquals=true, ignoredMediaTypes=[]]]
2024-08-30T18:33:32.479+03:00 DEBUG 19040 --- [Money Transfer] [http-nio-8080-exec-5] s.w.a.DelegatingAuthenticationEntryPoint : Match found! Executing org.springframework.security.web.authentication.DelegatingAuthenticationEntryPoint@51a00147
2024-08-30T18:33:32.479+03:00 DEBUG 19040 --- [Money Transfer] [http-nio-8080-exec-5] s.w.a.DelegatingAuthenticationEntryPoint : Trying to match using RequestHeaderRequestMatcher [expectedHeaderName=X-Requested-With, expectedHeaderValue=XMLHttpRequest]
2024-08-30T18:33:32.479+03:00 DEBUG 19040 --- [Money Transfer] [http-nio-8080-exec-5] s.w.a.DelegatingAuthenticationEntryPoint : No match found. Using default entry point org.springframework.security.web.authentication.www.BasicAuthenticationEntryPoint@3a033854
2024-08-30T18:33:33.974+03:00 DEBUG 19040 --- [Money Transfer] [http-nio-8080-exec-6] o.s.security.web.FilterChainProxy        : Securing POST /api/login
2024-08-30T18:33:33.974+03:00 DEBUG 19040 --- [Money Transfer] [http-nio-8080-exec-6] o.s.security.web.csrf.CsrfFilter         : Invalid CSRF token found for http://localhost:8080/api/login
2024-08-30T18:33:33.974+03:00 DEBUG 19040 --- [Money Transfer] [http-nio-8080-exec-6] o.s.s.w.access.AccessDeniedHandlerImpl   : Responding with 403 status code
2024-08-30T18:33:33.975+03:00 DEBUG 19040 --- [Money Transfer] [http-nio-8080-exec-6] o.s.security.web.FilterChainProxy        : Securing POST /error
2024-08-30T18:33:33.975+03:00 DEBUG 19040 --- [Money Transfer] [http-nio-8080-exec-6] o.s.s.w.a.AnonymousAuthenticationFilter  : Set SecurityContextHolder to anonymous SecurityContext
2024-08-30T18:33:33.975+03:00 DEBUG 19040 --- [Money Transfer] [http-nio-8080-exec-6] s.w.a.DelegatingAuthenticationEntryPoint : Trying to match using And [Not [RequestHeaderRequestMatcher [expectedHeaderName=X-Requested-With, expectedHeaderValue=XMLHttpRequest]], MediaTypeRequestMatcher [contentNegotiationStrategy=org.springframework.web.accept.ContentNegotiationManager@6e05a45a, matchingMediaTypes=[application/xhtml+xml, image/*, text/html, text/plain], useEquals=false, ignoredMediaTypes=[*/*]]]
2024-08-30T18:33:33.975+03:00 DEBUG 19040 --- [Money Transfer] [http-nio-8080-exec-6] s.w.a.DelegatingAuthenticationEntryPoint : Trying to match using Or [RequestHeaderRequestMatcher [expectedHeaderName=X-Requested-With, expectedHeaderValue=XMLHttpRequest], And [Not [MediaTypeRequestMatcher [contentNegotiationStrategy=org.springframework.web.accept.ContentNegotiationManager@6e05a45a, matchingMediaTypes=[text/html], useEquals=false, ignoredMediaTypes=[]]], MediaTypeRequestMatcher [contentNegotiationStrategy=org.springframework.web.accept.ContentNegotiationManager@6e05a45a, matchingMediaTypes=[application/atom+xml, application/x-www-form-urlencoded, application/json, application/octet-stream, application/xml, multipart/form-data, text/xml], useEquals=false, ignoredMediaTypes=[*/*]]], MediaTypeRequestMatcher [contentNegotiationStrategy=org.springframework.web.accept.ContentNegotiationManager@6e05a45a, matchingMediaTypes=[*/*], useEquals=true, ignoredMediaTypes=[]]]
2024-08-30T18:33:33.975+03:00 DEBUG 19040 --- [Money Transfer] [http-nio-8080-exec-6] s.w.a.DelegatingAuthenticationEntryPoint : Match found! Executing org.springframework.security.web.authentication.DelegatingAuthenticationEntryPoint@51a00147
2024-08-30T18:33:33.975+03:00 DEBUG 19040 --- [Money Transfer] [http-nio-8080-exec-6] s.w.a.DelegatingAuthenticationEntryPoint : Trying to match using RequestHeaderRequestMatcher [expectedHeaderName=X-Requested-With, expectedHeaderValue=XMLHttpRequest]
2024-08-30T18:33:33.975+03:00 DEBUG 19040 --- [Money Transfer] [http-nio-8080-exec-6] s.w.a.DelegatingAuthenticationEntryPoint : No match found. Using default entry point org.springframework.security.web.authentication.www.BasicAuthenticationEntryPoint@3a033854
2024-08-30T18:33:41.970+03:00 DEBUG 19040 --- [Money Transfer] [http-nio-8080-exec-7] o.s.security.web.FilterChainProxy        : Securing POST /api/register
2024-08-30T18:33:41.970+03:00 DEBUG 19040 --- [Money Transfer] [http-nio-8080-exec-7] o.s.security.web.csrf.CsrfFilter         : Invalid CSRF token found for http://localhost:8080/api/register
2024-08-30T18:33:41.971+03:00 DEBUG 19040 --- [Money Transfer] [http-nio-8080-exec-7] o.s.s.w.access.AccessDeniedHandlerImpl   : Responding with 403 status code
2024-08-30T18:33:41.971+03:00 DEBUG 19040 --- [Money Transfer] [http-nio-8080-exec-7] o.s.security.web.FilterChainProxy        : Securing POST /error
2024-08-30T18:33:41.971+03:00 DEBUG 19040 --- [Money Transfer] [http-nio-8080-exec-7] o.s.s.w.a.AnonymousAuthenticationFilter  : Set SecurityContextHolder to anonymous SecurityContext
2024-08-30T18:33:41.972+03:00 DEBUG 19040 --- [Money Transfer] [http-nio-8080-exec-7] s.w.a.DelegatingAuthenticationEntryPoint : Trying to match using And [Not [RequestHeaderRequestMatcher [expectedHeaderName=X-Requested-With, expectedHeaderValue=XMLHttpRequest]], MediaTypeRequestMatcher [contentNegotiationStrategy=org.springframework.web.accept.ContentNegotiationManager@6e05a45a, matchingMediaTypes=[application/xhtml+xml, image/*, text/html, text/plain], useEquals=false, ignoredMediaTypes=[*/*]]]
2024-08-30T18:33:41.972+03:00 DEBUG 19040 --- [Money Transfer] [http-nio-8080-exec-7] s.w.a.DelegatingAuthenticationEntryPoint : Trying to match using Or [RequestHeaderRequestMatcher [expectedHeaderName=X-Requested-With, expectedHeaderValue=XMLHttpRequest], And [Not [MediaTypeRequestMatcher [contentNegotiationStrategy=org.springframework.web.accept.ContentNegotiationManager@6e05a45a, matchingMediaTypes=[text/html], useEquals=false, ignoredMediaTypes=[]]], MediaTypeRequestMatcher [contentNegotiationStrategy=org.springframework.web.accept.ContentNegotiationManager@6e05a45a, matchingMediaTypes=[application/atom+xml, application/x-www-form-urlencoded, application/json, application/octet-stream, application/xml, multipart/form-data, text/xml], useEquals=false, ignoredMediaTypes=[*/*]]], MediaTypeRequestMatcher [contentNegotiationStrategy=org.springframework.web.accept.ContentNegotiationManager@6e05a45a, matchingMediaTypes=[*/*], useEquals=true, ignoredMediaTypes=[]]]
2024-08-30T18:33:41.972+03:00 DEBUG 19040 --- [Money Transfer] [http-nio-8080-exec-7] s.w.a.DelegatingAuthenticationEntryPoint : Match found! Executing org.springframework.security.web.authentication.DelegatingAuthenticationEntryPoint@51a00147
2024-08-30T18:33:41.972+03:00 DEBUG 19040 --- [Money Transfer] [http-nio-8080-exec-7] s.w.a.DelegatingAuthenticationEntryPoint : Trying to match using RequestHeaderRequestMatcher [expectedHeaderName=X-Requested-With, expectedHeaderValue=XMLHttpRequest]
2024-08-30T18:33:41.972+03:00 DEBUG 19040 --- [Money Transfer] [http-nio-8080-exec-7] s.w.a.DelegatingAuthenticationEntryPoint : No match found. Using default entry point org.springframework.security.web.authentication.www.BasicAuthenticationEntryPoint@3a033854
2024-08-30T18:33:42.029+03:00  INFO 19040 --- [Money Transfer] [File Watcher] rtingClassPathChangeChangedEventListener : Restarting due to 1 class path change (0 additions, 0 deletions, 1 modification)
2024-08-30T18:33:42.036+03:00  INFO 19040 --- [Money Transfer] [Thread-5] j.LocalContainerEntityManagerFactoryBean : Closing JPA EntityManagerFactory for persistence unit 'default'
2024-08-30T18:33:42.039+03:00  INFO 19040 --- [Money Transfer] [Thread-5] com.zaxxer.hikari.HikariDataSource       : HikariPool-1 - Shutdown initiated...
2024-08-30T18:33:42.040+03:00  INFO 19040 --- [Money Transfer] [Thread-5] com.zaxxer.hikari.HikariDataSource       : HikariPool-1 - Shutdown completed.
2024-08-30T18:33:42.099+03:00  INFO 19040 --- [Money Transfer] [restartedMain] c.e.m.MoneyTransferApplication           : Starting MoneyTransferApplication using Java 21.0.1 with PID 19040 (D:\Java\Money Transfer\target\classes started by pc in D:\Java\Money Transfer)
2024-08-30T18:33:42.099+03:00  INFO 19040 --- [Money Transfer] [restartedMain] c.e.m.MoneyTransferApplication           : No active profile set, falling back to 1 default profile: "default"
2024-08-30T18:33:42.178+03:00  INFO 19040 --- [Money Transfer] [restartedMain] .s.d.r.c.RepositoryConfigurationDelegate : Bootstrapping Spring Data JPA repositories in DEFAULT mode.
2024-08-30T18:33:42.184+03:00  INFO 19040 --- [Money Transfer] [restartedMain] .s.d.r.c.RepositoryConfigurationDelegate : Finished Spring Data repository scanning in 5 ms. Found 4 JPA repository interfaces.
2024-08-30T18:33:42.288+03:00  INFO 19040 --- [Money Transfer] [restartedMain] o.s.b.w.embedded.tomcat.TomcatWebServer  : Tomcat initialized with port 8080 (http)
2024-08-30T18:33:42.290+03:00  INFO 19040 --- [Money Transfer] [restartedMain] o.apache.catalina.core.StandardService   : Starting service [Tomcat]
2024-08-30T18:33:42.290+03:00  INFO 19040 --- [Money Transfer] [restartedMain] o.apache.catalina.core.StandardEngine    : Starting Servlet engine: [Apache Tomcat/10.1.28]
2024-08-30T18:33:42.300+03:00  INFO 19040 --- [Money Transfer] [restartedMain] o.a.c.c.C.[Tomcat].[localhost].[/]       : Initializing Spring embedded WebApplicationContext
2024-08-30T18:33:42.300+03:00  INFO 19040 --- [Money Transfer] [restartedMain] w.s.c.ServletWebServerApplicationContext : Root WebApplicationContext: initialization completed in 200 ms
2024-08-30T18:33:42.331+03:00  INFO 19040 --- [Money Transfer] [restartedMain] o.hibernate.jpa.internal.util.LogHelper  : HHH000204: Processing PersistenceUnitInfo [name: default]
2024-08-30T18:33:42.332+03:00  INFO 19040 --- [Money Transfer] [restartedMain] o.h.c.internal.RegionFactoryInitiator    : HHH000026: Second-level cache disabled
2024-08-30T18:33:42.337+03:00  INFO 19040 --- [Money Transfer] [restartedMain] o.s.o.j.p.SpringPersistenceUnitInfo      : No LoadTimeWeaver setup: ignoring JPA class transformer
2024-08-30T18:33:42.338+03:00  INFO 19040 --- [Money Transfer] [restartedMain] com.zaxxer.hikari.HikariDataSource       : HikariPool-2 - Starting...
2024-08-30T18:33:42.367+03:00  INFO 19040 --- [Money Transfer] [restartedMain] com.zaxxer.hikari.pool.HikariPool        : HikariPool-2 - Added connection org.postgresql.jdbc.PgConnection@1d0fa352
2024-08-30T18:33:42.367+03:00  INFO 19040 --- [Money Transfer] [restartedMain] com.zaxxer.hikari.HikariDataSource       : HikariPool-2 - Start completed.
2024-08-30T18:33:42.372+03:00  WARN 19040 --- [Money Transfer] [restartedMain] org.hibernate.orm.deprecation            : HHH90000025: PostgreSQLDialect does not need to be specified explicitly using 'hibernate.dialect' (remove the property setting and it will be selected by default)
2024-08-30T18:33:42.415+03:00  INFO 19040 --- [Money Transfer] [restartedMain] o.h.e.t.j.p.i.JtaPlatformInitiator       : HHH000489: No JTA platform available (set 'hibernate.transaction.jta.platform' to enable JTA platform integration)
2024-08-30T18:33:42.460+03:00  INFO 19040 --- [Money Transfer] [restartedMain] j.LocalContainerEntityManagerFactoryBean : Initialized JPA EntityManagerFactory for persistence unit 'default'
2024-08-30T18:33:42.512+03:00  WARN 19040 --- [Money Transfer] [restartedMain] JpaBaseConfiguration$JpaWebConfiguration : spring.jpa.open-in-view is enabled by default. Therefore, database queries may be performed during view rendering. Explicitly configure spring.jpa.open-in-view to disable this warning
2024-08-30T18:33:42.515+03:00  INFO 19040 --- [Money Transfer] [restartedMain] r$InitializeUserDetailsManagerConfigurer : Global AuthenticationManager configured with UserDetailsService bean with name customUserDetailsService
2024-08-30T18:33:42.557+03:00 DEBUG 19040 --- [Money Transfer] [restartedMain] o.s.s.web.DefaultSecurityFilterChain     : Will secure any request with filters: DisableEncodeUrlFilter, WebAsyncManagerIntegrationFilter, SecurityContextHolderFilter, HeaderWriterFilter, LogoutFilter, RequestCacheAwareFilter, SecurityContextHolderAwareRequestFilter, AnonymousAuthenticationFilter, ExceptionTranslationFilter, AuthorizationFilter
2024-08-30T18:33:42.616+03:00  INFO 19040 --- [Money Transfer] [restartedMain] o.s.b.d.a.OptionalLiveReloadServer       : LiveReload server is running on port 35729
2024-08-30T18:33:42.624+03:00  INFO 19040 --- [Money Transfer] [restartedMain] o.s.b.w.embedded.tomcat.TomcatWebServer  : Tomcat started on port 8080 (http) with context path '/'
2024-08-30T18:33:42.626+03:00  INFO 19040 --- [Money Transfer] [restartedMain] c.e.m.MoneyTransferApplication           : Started MoneyTransferApplication in 0.54 seconds (process running for 42.823)
2024-08-30T18:33:42.630+03:00  INFO 19040 --- [Money Transfer] [restartedMain] .ConditionEvaluationDeltaLoggingListener : Condition evaluation delta:


==========================
CONDITION EVALUATION DELTA
==========================


Positive matches:
-----------------

    None


Negative matches:
-----------------

   SpringBootWebSecurityConfiguration.SecurityFilterChainConfiguration:
      Did not match:
         - AllNestedConditions 1 matched 1 did not; NestedCondition on DefaultWebSecurityCondition.Beans @ConditionalOnMissingBean (types: org.springframework.security.web.SecurityFilterChain; SearchStrategy: all) found beans of type 'org.springframework.security.web.SecurityFilterChain' securityFilterChain; NestedCondition on DefaultWebSecurityCondition.Classes @ConditionalOnClass found required classes 'org.springframework.security.web.SecurityFilterChain', 'org.springframework.security.config.annotation.web.builders.HttpSecurity' (DefaultWebSecurityCondition)


Exclusions:
-----------

    None


Unconditional classes:
----------------------

    None



2024-08-30T18:33:42.692+03:00  INFO 19040 --- [Money Transfer] [http-nio-8080-exec-3] o.a.c.c.C.[Tomcat].[localhost].[/]       : Initializing Spring DispatcherServlet 'dispatcherServlet'
2024-08-30T18:33:42.692+03:00  INFO 19040 --- [Money Transfer] [http-nio-8080-exec-3] o.s.web.servlet.DispatcherServlet        : Initializing Servlet 'dispatcherServlet'
2024-08-30T18:33:42.693+03:00  INFO 19040 --- [Money Transfer] [http-nio-8080-exec-3] o.s.web.servlet.DispatcherServlet        : Completed initialization in 1 ms
2024-08-30T18:33:42.693+03:00 DEBUG 19040 --- [Money Transfer] [http-nio-8080-exec-3] o.s.security.web.FilterChainProxy        : Securing POST /api/register
2024-08-30T18:33:42.693+03:00 DEBUG 19040 --- [Money Transfer] [http-nio-8080-exec-3] o.s.security.web.FilterChainProxy        : Secured POST /api/register
2024-08-30T18:33:42.891+03:00 DEBUG 19040 --- [Money Transfer] [http-nio-8080-exec-3] o.s.s.w.a.AnonymousAuthenticationFilter  : Set SecurityContextHolder to anonymous SecurityContext
2024-08-30T18:33:46.619+03:00 DEBUG 19040 --- [Money Transfer] [http-nio-8080-exec-4] o.s.security.web.FilterChainProxy        : Securing POST /api/login
2024-08-30T18:33:46.620+03:00 DEBUG 19040 --- [Money Transfer] [http-nio-8080-exec-4] o.s.security.web.FilterChainProxy        : Secured POST /api/login
2024-08-30T18:33:46.630+03:00 DEBUG 19040 --- [Money Transfer] [http-nio-8080-exec-4] o.s.s.w.a.AnonymousAuthenticationFilter  : Set SecurityContextHolder to anonymous SecurityContext
2024-08-30T18:33:49.277+03:00 DEBUG 19040 --- [Money Transfer] [http-nio-8080-exec-5] o.s.security.web.FilterChainProxy        : Securing GET /api/balance?accountNumber=0782665472
2024-08-30T18:33:49.282+03:00 DEBUG 19040 --- [Money Transfer] [http-nio-8080-exec-5] o.s.security.web.FilterChainProxy        : Secured GET /api/balance?accountNumber=0782665472
2024-08-30T18:33:49.298+03:00 DEBUG 19040 --- [Money Transfer] [http-nio-8080-exec-5] o.s.s.w.a.AnonymousAuthenticationFilter  : Set SecurityContextHolder to anonymous SecurityContext
2024-08-30T19:31:20.959+03:00  INFO 19040 --- [Money Transfer] [File Watcher] rtingClassPathChangeChangedEventListener : Restarting due to 21 class path changes (0 additions, 20 deletions, 1 modification)
2024-08-30T19:31:20.969+03:00  INFO 19040 --- [Money Transfer] [Thread-7] j.LocalContainerEntityManagerFactoryBean : Closing JPA EntityManagerFactory for persistence unit 'default'
2024-08-30T19:31:20.970+03:00  INFO 19040 --- [Money Transfer] [Thread-7] com.zaxxer.hikari.HikariDataSource       : HikariPool-2 - Shutdown initiated...
2024-08-30T19:31:20.972+03:00  INFO 19040 --- [Money Transfer] [Thread-7] com.zaxxer.hikari.HikariDataSource       : HikariPool-2 - Shutdown completed.
2024-08-30T19:31:21.043+03:00  INFO 19040 --- [Money Transfer] [restartedMain] c.e.m.MoneyTransferApplication           : Starting MoneyTransferApplication using Java 21.0.1 with PID 19040 (D:\Java\Money Transfer\target\classes started by pc in D:\Java\Money Transfer)
2024-08-30T19:31:21.043+03:00  INFO 19040 --- [Money Transfer] [restartedMain] c.e.m.MoneyTransferApplication           : No active profile set, falling back to 1 default profile: "default"
2024-08-30T19:31:21.174+03:00  INFO 19040 --- [Money Transfer] [restartedMain] .s.d.r.c.RepositoryConfigurationDelegate : Bootstrapping Spring Data JPA repositories in DEFAULT mode.
2024-08-30T19:31:21.181+03:00  INFO 19040 --- [Money Transfer] [restartedMain] .s.d.r.c.RepositoryConfigurationDelegate : Finished Spring Data repository scanning in 6 ms. Found 4 JPA repository interfaces.
2024-08-30T19:31:21.277+03:00  INFO 19040 --- [Money Transfer] [restartedMain] o.s.b.w.embedded.tomcat.TomcatWebServer  : Tomcat initialized with port 8080 (http)
2024-08-30T19:31:21.278+03:00  INFO 19040 --- [Money Transfer] [restartedMain] o.apache.catalina.core.StandardService   : Starting service [Tomcat]
2024-08-30T19:31:21.278+03:00  INFO 19040 --- [Money Transfer] [restartedMain] o.apache.catalina.core.StandardEngine    : Starting Servlet engine: [Apache Tomcat/10.1.28]
2024-08-30T19:31:21.288+03:00  INFO 19040 --- [Money Transfer] [restartedMain] o.a.c.c.C.[Tomcat].[localhost].[/]       : Initializing Spring embedded WebApplicationContext
2024-08-30T19:31:21.288+03:00  INFO 19040 --- [Money Transfer] [restartedMain] w.s.c.ServletWebServerApplicationContext : Root WebApplicationContext: initialization completed in 244 ms
2024-08-30T19:31:21.315+03:00  INFO 19040 --- [Money Transfer] [restartedMain] o.hibernate.jpa.internal.util.LogHelper  : HHH000204: Processing PersistenceUnitInfo [name: default]
2024-08-30T19:31:21.317+03:00  INFO 19040 --- [Money Transfer] [restartedMain] o.h.c.internal.RegionFactoryInitiator    : HHH000026: Second-level cache disabled
2024-08-30T19:31:21.324+03:00  INFO 19040 --- [Money Transfer] [restartedMain] o.s.o.j.p.SpringPersistenceUnitInfo      : No LoadTimeWeaver setup: ignoring JPA class transformer
2024-08-30T19:31:21.325+03:00  INFO 19040 --- [Money Transfer] [restartedMain] com.zaxxer.hikari.HikariDataSource       : HikariPool-3 - Starting...
2024-08-30T19:31:21.355+03:00  INFO 19040 --- [Money Transfer] [restartedMain] com.zaxxer.hikari.pool.HikariPool        : HikariPool-3 - Added connection org.postgresql.jdbc.PgConnection@5b763040
2024-08-30T19:31:21.355+03:00  INFO 19040 --- [Money Transfer] [restartedMain] com.zaxxer.hikari.HikariDataSource       : HikariPool-3 - Start completed.
2024-08-30T19:31:21.361+03:00  WARN 19040 --- [Money Transfer] [restartedMain] org.hibernate.orm.deprecation            : HHH90000025: PostgreSQLDialect does not need to be specified explicitly using 'hibernate.dialect' (remove the property setting and it will be selected by default)
2024-08-30T19:31:21.403+03:00  INFO 19040 --- [Money Transfer] [restartedMain] o.h.e.t.j.p.i.JtaPlatformInitiator       : HHH000489: No JTA platform available (set 'hibernate.transaction.jta.platform' to enable JTA platform integration)
2024-08-30T19:31:21.454+03:00  INFO 19040 --- [Money Transfer] [restartedMain] j.LocalContainerEntityManagerFactoryBean : Initialized JPA EntityManagerFactory for persistence unit 'default'
2024-08-30T19:31:21.508+03:00  WARN 19040 --- [Money Transfer] [restartedMain] JpaBaseConfiguration$JpaWebConfiguration : spring.jpa.open-in-view is enabled by default. Therefore, database queries may be performed during view rendering. Explicitly configure spring.jpa.open-in-view to disable this warning
2024-08-30T19:31:21.511+03:00  INFO 19040 --- [Money Transfer] [restartedMain] r$InitializeUserDetailsManagerConfigurer : Global AuthenticationManager configured with UserDetailsService bean with name customUserDetailsService
2024-08-30T19:31:21.552+03:00 DEBUG 19040 --- [Money Transfer] [restartedMain] o.s.s.web.DefaultSecurityFilterChain     : Will secure any request with filters: DisableEncodeUrlFilter, WebAsyncManagerIntegrationFilter, SecurityContextHolderFilter, HeaderWriterFilter, LogoutFilter, RequestCacheAwareFilter, SecurityContextHolderAwareRequestFilter, AnonymousAuthenticationFilter, ExceptionTranslationFilter, AuthorizationFilter
2024-08-30T19:31:21.606+03:00  INFO 19040 --- [Money Transfer] [restartedMain] o.s.b.d.a.OptionalLiveReloadServer       : LiveReload server is running on port 35729
2024-08-30T19:31:21.615+03:00  INFO 19040 --- [Money Transfer] [restartedMain] o.s.b.w.embedded.tomcat.TomcatWebServer  : Tomcat started on port 8080 (http) with context path '/'
2024-08-30T19:31:21.617+03:00  INFO 19040 --- [Money Transfer] [restartedMain] c.e.m.MoneyTransferApplication           : Started MoneyTransferApplication in 0.593 seconds (process running for 3501.814)
2024-08-30T19:31:21.618+03:00  INFO 19040 --- [Money Transfer] [restartedMain] .ConditionEvaluationDeltaLoggingListener : Condition evaluation unchanged
2024-08-30T19:31:23.044+03:00  INFO 19040 --- [Money Transfer] [File Watcher] rtingClassPathChangeChangedEventListener : Restarting due to 20 class path changes (20 additions, 0 deletions, 0 modifications)
2024-08-30T19:31:23.049+03:00  INFO 19040 --- [Money Transfer] [Thread-11] j.LocalContainerEntityManagerFactoryBean : Closing JPA EntityManagerFactory for persistence unit 'default'
2024-08-30T19:31:23.050+03:00  INFO 19040 --- [Money Transfer] [Thread-11] com.zaxxer.hikari.HikariDataSource       : HikariPool-3 - Shutdown initiated...
2024-08-30T19:31:23.051+03:00  INFO 19040 --- [Money Transfer] [Thread-11] com.zaxxer.hikari.HikariDataSource       : HikariPool-3 - Shutdown completed.
2024-08-30T19:31:23.097+03:00  INFO 19040 --- [Money Transfer] [restartedMain] c.e.m.MoneyTransferApplication           : Starting MoneyTransferApplication using Java 21.0.1 with PID 19040 (D:\Java\Money Transfer\target\classes started by pc in D:\Java\Money Transfer)
2024-08-30T19:31:23.097+03:00  INFO 19040 --- [Money Transfer] [restartedMain] c.e.m.MoneyTransferApplication           : No active profile set, falling back to 1 default profile: "default"
2024-08-30T19:31:23.163+03:00  INFO 19040 --- [Money Transfer] [restartedMain] .s.d.r.c.RepositoryConfigurationDelegate : Bootstrapping Spring Data JPA repositories in DEFAULT mode.
2024-08-30T19:31:23.169+03:00  INFO 19040 --- [Money Transfer] [restartedMain] .s.d.r.c.RepositoryConfigurationDelegate : Finished Spring Data repository scanning in 5 ms. Found 4 JPA repository interfaces.
2024-08-30T19:31:23.244+03:00  INFO 19040 --- [Money Transfer] [restartedMain] o.s.b.w.embedded.tomcat.TomcatWebServer  : Tomcat initialized with port 8080 (http)
2024-08-30T19:31:23.245+03:00  INFO 19040 --- [Money Transfer] [restartedMain] o.apache.catalina.core.StandardService   : Starting service [Tomcat]
2024-08-30T19:31:23.245+03:00  INFO 19040 --- [Money Transfer] [restartedMain] o.apache.catalina.core.StandardEngine    : Starting Servlet engine: [Apache Tomcat/10.1.28]
2024-08-30T19:31:23.262+03:00  INFO 19040 --- [Money Transfer] [restartedMain] o.a.c.c.C.[Tomcat].[localhost].[/]       : Initializing Spring embedded WebApplicationContext
2024-08-30T19:31:23.262+03:00  INFO 19040 --- [Money Transfer] [restartedMain] w.s.c.ServletWebServerApplicationContext : Root WebApplicationContext: initialization completed in 164 ms
2024-08-30T19:31:23.293+03:00  INFO 19040 --- [Money Transfer] [restartedMain] o.hibernate.jpa.internal.util.LogHelper  : HHH000204: Processing PersistenceUnitInfo [name: default]
2024-08-30T19:31:23.295+03:00  INFO 19040 --- [Money Transfer] [restartedMain] o.h.c.internal.RegionFactoryInitiator    : HHH000026: Second-level cache disabled
2024-08-30T19:31:23.300+03:00  INFO 19040 --- [Money Transfer] [restartedMain] o.s.o.j.p.SpringPersistenceUnitInfo      : No LoadTimeWeaver setup: ignoring JPA class transformer
2024-08-30T19:31:23.301+03:00  INFO 19040 --- [Money Transfer] [restartedMain] com.zaxxer.hikari.HikariDataSource       : HikariPool-4 - Starting...
2024-08-30T19:31:23.333+03:00  INFO 19040 --- [Money Transfer] [restartedMain] com.zaxxer.hikari.pool.HikariPool        : HikariPool-4 - Added connection org.postgresql.jdbc.PgConnection@5c536052
2024-08-30T19:31:23.333+03:00  INFO 19040 --- [Money Transfer] [restartedMain] com.zaxxer.hikari.HikariDataSource       : HikariPool-4 - Start completed.
2024-08-30T19:31:23.338+03:00  WARN 19040 --- [Money Transfer] [restartedMain] org.hibernate.orm.deprecation            : HHH90000025: PostgreSQLDialect does not need to be specified explicitly using 'hibernate.dialect' (remove the property setting and it will be selected by default)
2024-08-30T19:31:23.372+03:00  INFO 19040 --- [Money Transfer] [restartedMain] o.h.e.t.j.p.i.JtaPlatformInitiator       : HHH000489: No JTA platform available (set 'hibernate.transaction.jta.platform' to enable JTA platform integration)
2024-08-30T19:31:23.415+03:00  INFO 19040 --- [Money Transfer] [restartedMain] j.LocalContainerEntityManagerFactoryBean : Initialized JPA EntityManagerFactory for persistence unit 'default'
2024-08-30T19:31:23.460+03:00  WARN 19040 --- [Money Transfer] [restartedMain] JpaBaseConfiguration$JpaWebConfiguration : spring.jpa.open-in-view is enabled by default. Therefore, database queries may be performed during view rendering. Explicitly configure spring.jpa.open-in-view to disable this warning
2024-08-30T19:31:23.463+03:00  INFO 19040 --- [Money Transfer] [restartedMain] r$InitializeUserDetailsManagerConfigurer : Global AuthenticationManager configured with UserDetailsService bean with name customUserDetailsService
2024-08-30T19:31:23.497+03:00 DEBUG 19040 --- [Money Transfer] [restartedMain] o.s.s.web.DefaultSecurityFilterChain     : Will secure any request with filters: DisableEncodeUrlFilter, WebAsyncManagerIntegrationFilter, SecurityContextHolderFilter, HeaderWriterFilter, LogoutFilter, RequestCacheAwareFilter, SecurityContextHolderAwareRequestFilter, AnonymousAuthenticationFilter, ExceptionTranslationFilter, AuthorizationFilter
2024-08-30T19:31:23.543+03:00  INFO 19040 --- [Money Transfer] [restartedMain] o.s.b.d.a.OptionalLiveReloadServer       : LiveReload server is running on port 35729
2024-08-30T19:31:23.550+03:00  INFO 19040 --- [Money Transfer] [restartedMain] o.s.b.w.embedded.tomcat.TomcatWebServer  : Tomcat started on port 8080 (http) with context path '/'
2024-08-30T19:31:23.552+03:00  INFO 19040 --- [Money Transfer] [restartedMain] c.e.m.MoneyTransferApplication           : Started MoneyTransferApplication in 0.467 seconds (process running for 3503.749)
2024-08-30T19:31:23.553+03:00  INFO 19040 --- [Money Transfer] [restartedMain] .ConditionEvaluationDeltaLoggingListener : Condition evaluation unchanged
2024-08-30T19:31:46.343+03:00  INFO 19040 --- [Money Transfer] [File Watcher] rtingClassPathChangeChangedEventListener : Restarting due to 1 class path change (1 addition, 0 deletions, 0 modifications)
2024-08-30T19:31:46.348+03:00  INFO 19040 --- [Money Transfer] [Thread-15] j.LocalContainerEntityManagerFactoryBean : Closing JPA EntityManagerFactory for persistence unit 'default'
2024-08-30T19:31:46.348+03:00  INFO 19040 --- [Money Transfer] [Thread-15] com.zaxxer.hikari.HikariDataSource       : HikariPool-4 - Shutdown initiated...
2024-08-30T19:31:46.350+03:00  INFO 19040 --- [Money Transfer] [Thread-15] com.zaxxer.hikari.HikariDataSource       : HikariPool-4 - Shutdown completed.
2024-08-30T19:31:46.390+03:00  INFO 19040 --- [Money Transfer] [restartedMain] c.e.m.MoneyTransferApplication           : Starting MoneyTransferApplication using Java 21.0.1 with PID 19040 (D:\Java\Money Transfer\target\classes started by pc in D:\Java\Money Transfer)
2024-08-30T19:31:46.390+03:00  INFO 19040 --- [Money Transfer] [restartedMain] c.e.m.MoneyTransferApplication           : No active profile set, falling back to 1 default profile: "default"
2024-08-30T19:31:46.458+03:00  INFO 19040 --- [Money Transfer] [restartedMain] .s.d.r.c.RepositoryConfigurationDelegate : Bootstrapping Spring Data JPA repositories in DEFAULT mode.
2024-08-30T19:31:46.463+03:00  INFO 19040 --- [Money Transfer] [restartedMain] .s.d.r.c.RepositoryConfigurationDelegate : Finished Spring Data repository scanning in 4 ms. Found 4 JPA repository interfaces.
2024-08-30T19:31:46.524+03:00  INFO 19040 --- [Money Transfer] [restartedMain] o.s.b.w.embedded.tomcat.TomcatWebServer  : Tomcat initialized with port 8080 (http)
2024-08-30T19:31:46.525+03:00  INFO 19040 --- [Money Transfer] [restartedMain] o.apache.catalina.core.StandardService   : Starting service [Tomcat]
2024-08-30T19:31:46.525+03:00  INFO 19040 --- [Money Transfer] [restartedMain] o.apache.catalina.core.StandardEngine    : Starting Servlet engine: [Apache Tomcat/10.1.28]
2024-08-30T19:31:46.534+03:00  INFO 19040 --- [Money Transfer] [restartedMain] o.a.c.c.C.[Tomcat].[localhost].[/]       : Initializing Spring embedded WebApplicationContext
2024-08-30T19:31:46.534+03:00  INFO 19040 --- [Money Transfer] [restartedMain] w.s.c.ServletWebServerApplicationContext : Root WebApplicationContext: initialization completed in 143 ms
2024-08-30T19:31:46.554+03:00  INFO 19040 --- [Money Transfer] [restartedMain] o.hibernate.jpa.internal.util.LogHelper  : HHH000204: Processing PersistenceUnitInfo [name: default]
2024-08-30T19:31:46.555+03:00  INFO 19040 --- [Money Transfer] [restartedMain] o.h.c.internal.RegionFactoryInitiator    : HHH000026: Second-level cache disabled
2024-08-30T19:31:46.560+03:00  INFO 19040 --- [Money Transfer] [restartedMain] o.s.o.j.p.SpringPersistenceUnitInfo      : No LoadTimeWeaver setup: ignoring JPA class transformer
2024-08-30T19:31:46.560+03:00  INFO 19040 --- [Money Transfer] [restartedMain] com.zaxxer.hikari.HikariDataSource       : HikariPool-5 - Starting...
2024-08-30T19:31:46.628+03:00  INFO 19040 --- [Money Transfer] [restartedMain] com.zaxxer.hikari.pool.HikariPool        : HikariPool-5 - Added connection org.postgresql.jdbc.PgConnection@133d9d9f
2024-08-30T19:31:46.628+03:00  INFO 19040 --- [Money Transfer] [restartedMain] com.zaxxer.hikari.HikariDataSource       : HikariPool-5 - Start completed.
2024-08-30T19:31:46.636+03:00  WARN 19040 --- [Money Transfer] [restartedMain] org.hibernate.orm.deprecation            : HHH90000025: PostgreSQLDialect does not need to be specified explicitly using 'hibernate.dialect' (remove the property setting and it will be selected by default)
2024-08-30T19:31:46.674+03:00  INFO 19040 --- [Money Transfer] [restartedMain] o.h.e.t.j.p.i.JtaPlatformInitiator       : HHH000489: No JTA platform available (set 'hibernate.transaction.jta.platform' to enable JTA platform integration)
2024-08-30T19:31:46.718+03:00  INFO 19040 --- [Money Transfer] [restartedMain] j.LocalContainerEntityManagerFactoryBean : Initialized JPA EntityManagerFactory for persistence unit 'default'
2024-08-30T19:31:46.751+03:00  WARN 19040 --- [Money Transfer] [restartedMain] JpaBaseConfiguration$JpaWebConfiguration : spring.jpa.open-in-view is enabled by default. Therefore, database queries may be performed during view rendering. Explicitly configure spring.jpa.open-in-view to disable this warning
2024-08-30T19:31:46.754+03:00  INFO 19040 --- [Money Transfer] [restartedMain] r$InitializeUserDetailsManagerConfigurer : Global AuthenticationManager configured with UserDetailsService bean with name customUserDetailsService
2024-08-30T19:31:46.789+03:00 DEBUG 19040 --- [Money Transfer] [restartedMain] o.s.s.web.DefaultSecurityFilterChain     : Will secure any request with filters: DisableEncodeUrlFilter, WebAsyncManagerIntegrationFilter, SecurityContextHolderFilter, HeaderWriterFilter, LogoutFilter, RequestCacheAwareFilter, SecurityContextHolderAwareRequestFilter, AnonymousAuthenticationFilter, ExceptionTranslationFilter, AuthorizationFilter
2024-08-30T19:31:46.835+03:00  INFO 19040 --- [Money Transfer] [restartedMain] o.s.b.d.a.OptionalLiveReloadServer       : LiveReload server is running on port 35729
2024-08-30T19:31:46.842+03:00  INFO 19040 --- [Money Transfer] [restartedMain] o.s.b.w.embedded.tomcat.TomcatWebServer  : Tomcat started on port 8080 (http) with context path '/'
2024-08-30T19:31:46.843+03:00  INFO 19040 --- [Money Transfer] [restartedMain] c.e.m.MoneyTransferApplication           : Started MoneyTransferApplication in 0.465 seconds (process running for 3527.04)
2024-08-30T19:31:46.844+03:00  INFO 19040 --- [Money Transfer] [restartedMain] .ConditionEvaluationDeltaLoggingListener : Condition evaluation unchanged
2024-08-30T19:31:58.437+03:00  INFO 19040 --- [Money Transfer] [File Watcher] rtingClassPathChangeChangedEventListener : Restarting due to 1 class path change (0 additions, 1 deletion, 0 modifications)
2024-08-30T19:31:58.444+03:00  INFO 19040 --- [Money Transfer] [Thread-19] j.LocalContainerEntityManagerFactoryBean : Closing JPA EntityManagerFactory for persistence unit 'default'
2024-08-30T19:31:58.444+03:00  INFO 19040 --- [Money Transfer] [Thread-19] com.zaxxer.hikari.HikariDataSource       : HikariPool-5 - Shutdown initiated...
2024-08-30T19:31:58.445+03:00  INFO 19040 --- [Money Transfer] [Thread-19] com.zaxxer.hikari.HikariDataSource       : HikariPool-5 - Shutdown completed.
2024-08-30T19:31:58.490+03:00  INFO 19040 --- [Money Transfer] [restartedMain] c.e.m.MoneyTransferApplication           : Starting MoneyTransferApplication using Java 21.0.1 with PID 19040 (D:\Java\Money Transfer\target\classes started by pc in D:\Java\Money Transfer)
2024-08-30T19:31:58.490+03:00  INFO 19040 --- [Money Transfer] [restartedMain] c.e.m.MoneyTransferApplication           : No active profile set, falling back to 1 default profile: "default"
2024-08-30T19:31:58.548+03:00  INFO 19040 --- [Money Transfer] [restartedMain] .s.d.r.c.RepositoryConfigurationDelegate : Bootstrapping Spring Data JPA repositories in DEFAULT mode.
2024-08-30T19:31:58.553+03:00  INFO 19040 --- [Money Transfer] [restartedMain] .s.d.r.c.RepositoryConfigurationDelegate : Finished Spring Data repository scanning in 4 ms. Found 4 JPA repository interfaces.
2024-08-30T19:31:58.611+03:00  INFO 19040 --- [Money Transfer] [restartedMain] o.s.b.w.embedded.tomcat.TomcatWebServer  : Tomcat initialized with port 8080 (http)
2024-08-30T19:31:58.612+03:00  INFO 19040 --- [Money Transfer] [restartedMain] o.apache.catalina.core.StandardService   : Starting service [Tomcat]
2024-08-30T19:31:58.612+03:00  INFO 19040 --- [Money Transfer] [restartedMain] o.apache.catalina.core.StandardEngine    : Starting Servlet engine: [Apache Tomcat/10.1.28]
2024-08-30T19:31:58.620+03:00  INFO 19040 --- [Money Transfer] [restartedMain] o.a.c.c.C.[Tomcat].[localhost].[/]       : Initializing Spring embedded WebApplicationContext
2024-08-30T19:31:58.620+03:00  INFO 19040 --- [Money Transfer] [restartedMain] w.s.c.ServletWebServerApplicationContext : Root WebApplicationContext: initialization completed in 129 ms
2024-08-30T19:31:58.637+03:00  INFO 19040 --- [Money Transfer] [restartedMain] o.hibernate.jpa.internal.util.LogHelper  : HHH000204: Processing PersistenceUnitInfo [name: default]
2024-08-30T19:31:58.638+03:00  INFO 19040 --- [Money Transfer] [restartedMain] o.h.c.internal.RegionFactoryInitiator    : HHH000026: Second-level cache disabled
2024-08-30T19:31:58.642+03:00  INFO 19040 --- [Money Transfer] [restartedMain] o.s.o.j.p.SpringPersistenceUnitInfo      : No LoadTimeWeaver setup: ignoring JPA class transformer
2024-08-30T19:31:58.643+03:00  INFO 19040 --- [Money Transfer] [restartedMain] com.zaxxer.hikari.HikariDataSource       : HikariPool-6 - Starting...
2024-08-30T19:31:58.671+03:00  INFO 19040 --- [Money Transfer] [restartedMain] com.zaxxer.hikari.pool.HikariPool        : HikariPool-6 - Added connection org.postgresql.jdbc.PgConnection@4c47f148
2024-08-30T19:31:58.671+03:00  INFO 19040 --- [Money Transfer] [restartedMain] com.zaxxer.hikari.HikariDataSource       : HikariPool-6 - Start completed.
2024-08-30T19:31:58.676+03:00  WARN 19040 --- [Money Transfer] [restartedMain] org.hibernate.orm.deprecation            : HHH90000025: PostgreSQLDialect does not need to be specified explicitly using 'hibernate.dialect' (remove the property setting and it will be selected by default)
2024-08-30T19:31:58.708+03:00  INFO 19040 --- [Money Transfer] [restartedMain] o.h.e.t.j.p.i.JtaPlatformInitiator       : HHH000489: No JTA platform available (set 'hibernate.transaction.jta.platform' to enable JTA platform integration)
2024-08-30T19:31:58.747+03:00  INFO 19040 --- [Money Transfer] [restartedMain] j.LocalContainerEntityManagerFactoryBean : Initialized JPA EntityManagerFactory for persistence unit 'default'
2024-08-30T19:31:58.777+03:00  WARN 19040 --- [Money Transfer] [restartedMain] JpaBaseConfiguration$JpaWebConfiguration : spring.jpa.open-in-view is enabled by default. Therefore, database queries may be performed during view rendering. Explicitly configure spring.jpa.open-in-view to disable this warning
2024-08-30T19:31:58.780+03:00  INFO 19040 --- [Money Transfer] [restartedMain] r$InitializeUserDetailsManagerConfigurer : Global AuthenticationManager configured with UserDetailsService bean with name customUserDetailsService
2024-08-30T19:31:58.809+03:00 DEBUG 19040 --- [Money Transfer] [restartedMain] o.s.s.web.DefaultSecurityFilterChain     : Will secure any request with filters: DisableEncodeUrlFilter, WebAsyncManagerIntegrationFilter, SecurityContextHolderFilter, HeaderWriterFilter, LogoutFilter, RequestCacheAwareFilter, SecurityContextHolderAwareRequestFilter, AnonymousAuthenticationFilter, ExceptionTranslationFilter, AuthorizationFilter
2024-08-30T19:31:58.847+03:00  INFO 19040 --- [Money Transfer] [restartedMain] o.s.b.d.a.OptionalLiveReloadServer       : LiveReload server is running on port 35729
2024-08-30T19:31:58.854+03:00  INFO 19040 --- [Money Transfer] [restartedMain] o.s.b.w.embedded.tomcat.TomcatWebServer  : Tomcat started on port 8080 (http) with context path '/'
2024-08-30T19:31:58.856+03:00  INFO 19040 --- [Money Transfer] [restartedMain] c.e.m.MoneyTransferApplication           : Started MoneyTransferApplication in 0.377 seconds (process running for 3539.053)
2024-08-30T19:31:58.856+03:00  INFO 19040 --- [Money Transfer] [restartedMain] .ConditionEvaluationDeltaLoggingListener : Condition evaluation unchanged
2024-08-30T19:32:09.428+03:00  INFO 19040 --- [Money Transfer] [File Watcher] rtingClassPathChangeChangedEventListener : Restarting due to 1 class path change (1 addition, 0 deletions, 0 modifications)
2024-08-30T19:32:09.437+03:00  INFO 19040 --- [Money Transfer] [Thread-23] j.LocalContainerEntityManagerFactoryBean : Closing JPA EntityManagerFactory for persistence unit 'default'
2024-08-30T19:32:09.437+03:00  INFO 19040 --- [Money Transfer] [Thread-23] com.zaxxer.hikari.HikariDataSource       : HikariPool-6 - Shutdown initiated...
2024-08-30T19:32:09.439+03:00  INFO 19040 --- [Money Transfer] [Thread-23] com.zaxxer.hikari.HikariDataSource       : HikariPool-6 - Shutdown completed.
2024-08-30T19:32:09.484+03:00  INFO 19040 --- [Money Transfer] [restartedMain] c.e.m.MoneyTransferApplication           : Starting MoneyTransferApplication using Java 21.0.1 with PID 19040 (D:\Java\Money Transfer\target\classes started by pc in D:\Java\Money Transfer)
2024-08-30T19:32:09.484+03:00  INFO 19040 --- [Money Transfer] [restartedMain] c.e.m.MoneyTransferApplication           : No active profile set, falling back to 1 default profile: "default"
2024-08-30T19:32:09.548+03:00  INFO 19040 --- [Money Transfer] [restartedMain] .s.d.r.c.RepositoryConfigurationDelegate : Bootstrapping Spring Data JPA repositories in DEFAULT mode.
2024-08-30T19:32:09.552+03:00  INFO 19040 --- [Money Transfer] [restartedMain] .s.d.r.c.RepositoryConfigurationDelegate : Finished Spring Data repository scanning in 4 ms. Found 4 JPA repository interfaces.
2024-08-30T19:32:09.615+03:00  INFO 19040 --- [Money Transfer] [restartedMain] o.s.b.w.embedded.tomcat.TomcatWebServer  : Tomcat initialized with port 8080 (http)
2024-08-30T19:32:09.616+03:00  INFO 19040 --- [Money Transfer] [restartedMain] o.apache.catalina.core.StandardService   : Starting service [Tomcat]
2024-08-30T19:32:09.616+03:00  INFO 19040 --- [Money Transfer] [restartedMain] o.apache.catalina.core.StandardEngine    : Starting Servlet engine: [Apache Tomcat/10.1.28]
2024-08-30T19:32:09.624+03:00  INFO 19040 --- [Money Transfer] [restartedMain] o.a.c.c.C.[Tomcat].[localhost].[/]       : Initializing Spring embedded WebApplicationContext
2024-08-30T19:32:09.624+03:00  INFO 19040 --- [Money Transfer] [restartedMain] w.s.c.ServletWebServerApplicationContext : Root WebApplicationContext: initialization completed in 139 ms
2024-08-30T19:32:09.642+03:00  INFO 19040 --- [Money Transfer] [restartedMain] o.hibernate.jpa.internal.util.LogHelper  : HHH000204: Processing PersistenceUnitInfo [name: default]
2024-08-30T19:32:09.643+03:00  INFO 19040 --- [Money Transfer] [restartedMain] o.h.c.internal.RegionFactoryInitiator    : HHH000026: Second-level cache disabled
2024-08-30T19:32:09.646+03:00  INFO 19040 --- [Money Transfer] [restartedMain] o.s.o.j.p.SpringPersistenceUnitInfo      : No LoadTimeWeaver setup: ignoring JPA class transformer
2024-08-30T19:32:09.647+03:00  INFO 19040 --- [Money Transfer] [restartedMain] com.zaxxer.hikari.HikariDataSource       : HikariPool-7 - Starting...
2024-08-30T19:32:09.675+03:00  INFO 19040 --- [Money Transfer] [restartedMain] com.zaxxer.hikari.pool.HikariPool        : HikariPool-7 - Added connection org.postgresql.jdbc.PgConnection@68459e4a
2024-08-30T19:32:09.675+03:00  INFO 19040 --- [Money Transfer] [restartedMain] com.zaxxer.hikari.HikariDataSource       : HikariPool-7 - Start completed.
2024-08-30T19:32:09.680+03:00  WARN 19040 --- [Money Transfer] [restartedMain] org.hibernate.orm.deprecation            : HHH90000025: PostgreSQLDialect does not need to be specified explicitly using 'hibernate.dialect' (remove the property setting and it will be selected by default)
2024-08-30T19:32:09.713+03:00  INFO 19040 --- [Money Transfer] [restartedMain] o.h.e.t.j.p.i.JtaPlatformInitiator       : HHH000489: No JTA platform available (set 'hibernate.transaction.jta.platform' to enable JTA platform integration)
2024-08-30T19:32:09.751+03:00  INFO 19040 --- [Money Transfer] [restartedMain] j.LocalContainerEntityManagerFactoryBean : Initialized JPA EntityManagerFactory for persistence unit 'default'
2024-08-30T19:32:09.776+03:00  WARN 19040 --- [Money Transfer] [restartedMain] ConfigServletWebServerApplicationContext : Exception encountered during context initialization - cancelling refresh attempt: org.springframework.beans.factory.BeanCreationException: Error creating bean with name 'jwtTokenProvider': Lookup method resolution failed
2024-08-30T19:32:09.776+03:00  INFO 19040 --- [Money Transfer] [restartedMain] j.LocalContainerEntityManagerFactoryBean : Closing JPA EntityManagerFactory for persistence unit 'default'
2024-08-30T19:32:09.776+03:00  INFO 19040 --- [Money Transfer] [restartedMain] com.zaxxer.hikari.HikariDataSource       : HikariPool-7 - Shutdown initiated...
2024-08-30T19:32:09.777+03:00  INFO 19040 --- [Money Transfer] [restartedMain] com.zaxxer.hikari.HikariDataSource       : HikariPool-7 - Shutdown completed.
2024-08-30T19:32:09.777+03:00  INFO 19040 --- [Money Transfer] [restartedMain] o.apache.catalina.core.StandardService   : Stopping service [Tomcat]
2024-08-30T19:32:09.780+03:00  INFO 19040 --- [Money Transfer] [restartedMain] .s.b.a.l.ConditionEvaluationReportLogger : 

Error starting ApplicationContext. To display the condition evaluation report re-run your application with 'debug' enabled.
2024-08-30T19:32:09.793+03:00 ERROR 19040 --- [Money Transfer] [restartedMain] o.s.boot.SpringApplication               : Application run failed

org.springframework.beans.factory.BeanCreationException: Error creating bean with name 'jwtTokenProvider': Lookup method resolution failed
	at org.springframework.beans.factory.annotation.AutowiredAnnotationBeanPostProcessor.checkLookupMethods(AutowiredAnnotationBeanPostProcessor.java:498) ~[spring-beans-6.1.12.jar:6.1.12]
	at org.springframework.beans.factory.annotation.AutowiredAnnotationBeanPostProcessor.determineCandidateConstructors(AutowiredAnnotationBeanPostProcessor.java:368) ~[spring-beans-6.1.12.jar:6.1.12]
	at org.springframework.beans.factory.support.AbstractAutowireCapableBeanFactory.determineConstructorsFromBeanPostProcessors(AbstractAutowireCapableBeanFactory.java:1314) ~[spring-beans-6.1.12.jar:6.1.12]
	at org.springframework.beans.factory.support.AbstractAutowireCapableBeanFactory.createBeanInstance(AbstractAutowireCapableBeanFactory.java:1209) ~[spring-beans-6.1.12.jar:6.1.12]
	at org.springframework.beans.factory.support.AbstractAutowireCapableBeanFactory.doCreateBean(AbstractAutowireCapableBeanFactory.java:562) ~[spring-beans-6.1.12.jar:6.1.12]
	at org.springframework.beans.factory.support.AbstractAutowireCapableBeanFactory.createBean(AbstractAutowireCapableBeanFactory.java:522) ~[spring-beans-6.1.12.jar:6.1.12]
	at org.springframework.beans.factory.support.AbstractBeanFactory.lambda$doGetBean$0(AbstractBeanFactory.java:337) ~[spring-beans-6.1.12.jar:6.1.12]
	at org.springframework.beans.factory.support.DefaultSingletonBeanRegistry.getSingleton(DefaultSingletonBeanRegistry.java:234) ~[spring-beans-6.1.12.jar:6.1.12]
	at org.springframework.beans.factory.support.AbstractBeanFactory.doGetBean(AbstractBeanFactory.java:335) ~[spring-beans-6.1.12.jar:6.1.12]
	at org.springframework.beans.factory.support.AbstractBeanFactory.getBean(AbstractBeanFactory.java:200) ~[spring-beans-6.1.12.jar:6.1.12]
	at org.springframework.beans.factory.support.DefaultListableBeanFactory.preInstantiateSingletons(DefaultListableBeanFactory.java:975) ~[spring-beans-6.1.12.jar:6.1.12]
	at org.springframework.context.support.AbstractApplicationContext.finishBeanFactoryInitialization(AbstractApplicationContext.java:971) ~[spring-context-6.1.12.jar:6.1.12]
	at org.springframework.context.support.AbstractApplicationContext.refresh(AbstractApplicationContext.java:625) ~[spring-context-6.1.12.jar:6.1.12]
	at org.springframework.boot.web.servlet.context.ServletWebServerApplicationContext.refresh(ServletWebServerApplicationContext.java:146) ~[spring-boot-3.3.3.jar:3.3.3]
	at org.springframework.boot.SpringApplication.refresh(SpringApplication.java:754) ~[spring-boot-3.3.3.jar:3.3.3]
	at org.springframework.boot.SpringApplication.refreshContext(SpringApplication.java:456) ~[spring-boot-3.3.3.jar:3.3.3]
	at org.springframework.boot.SpringApplication.run(SpringApplication.java:335) ~[spring-boot-3.3.3.jar:3.3.3]
	at org.springframework.boot.SpringApplication.run(SpringApplication.java:1363) ~[spring-boot-3.3.3.jar:3.3.3]
	at org.springframework.boot.SpringApplication.run(SpringApplication.java:1352) ~[spring-boot-3.3.3.jar:3.3.3]
	at com.example.moneytransfer.MoneyTransferApplication.main(MoneyTransferApplication.java:12) ~[classes/:na]
	at java.base/jdk.internal.reflect.DirectMethodHandleAccessor.invoke(DirectMethodHandleAccessor.java:103) ~[na:na]
	at java.base/java.lang.reflect.Method.invoke(Method.java:580) ~[na:na]
	at org.springframework.boot.devtools.restart.RestartLauncher.run(RestartLauncher.java:50) ~[spring-boot-devtools-3.3.3.jar:3.3.3]
Caused by: java.lang.IllegalStateException: Failed to introspect Class [com.example.moneytransfer.security.JwtTokenProvider] from ClassLoader [org.springframework.boot.devtools.restart.classloader.RestartClassLoader@7fb4dd07]
	at org.springframework.util.ReflectionUtils.getDeclaredMethods(ReflectionUtils.java:483) ~[spring-core-6.1.12.jar:6.1.12]
	at org.springframework.util.ReflectionUtils.doWithLocalMethods(ReflectionUtils.java:320) ~[spring-core-6.1.12.jar:6.1.12]
	at org.springframework.beans.factory.annotation.AutowiredAnnotationBeanPostProcessor.checkLookupMethods(AutowiredAnnotationBeanPostProcessor.java:476) ~[spring-beans-6.1.12.jar:6.1.12]
	... 22 common frames omitted
Caused by: java.lang.NoClassDefFoundError: io/jsonwebtoken/MalformedJwtException
	at java.base/java.lang.Class.getDeclaredMethods0(Native Method) ~[na:na]
	at java.base/java.lang.Class.privateGetDeclaredMethods(Class.java:3578) ~[na:na]
	at java.base/java.lang.Class.getDeclaredMethods(Class.java:2676) ~[na:na]
	at org.springframework.util.ReflectionUtils.getDeclaredMethods(ReflectionUtils.java:465) ~[spring-core-6.1.12.jar:6.1.12]
	... 24 common frames omitted
Caused by: java.lang.ClassNotFoundException: io.jsonwebtoken.MalformedJwtException
	at java.base/jdk.internal.loader.BuiltinClassLoader.loadClass(BuiltinClassLoader.java:641) ~[na:na]
	at java.base/jdk.internal.loader.ClassLoaders$AppClassLoader.loadClass(ClassLoaders.java:188) ~[na:na]
	at java.base/java.lang.ClassLoader.loadClass(ClassLoader.java:526) ~[na:na]
	at java.base/java.lang.Class.forName0(Native Method) ~[na:na]
	at java.base/java.lang.Class.forName(Class.java:534) ~[na:na]
	at java.base/java.lang.Class.forName(Class.java:513) ~[na:na]
	at org.springframework.boot.devtools.restart.classloader.RestartClassLoader.loadClass(RestartClassLoader.java:121) ~[spring-boot-devtools-3.3.3.jar:3.3.3]
	at java.base/java.lang.ClassLoader.loadClass(ClassLoader.java:526) ~[na:na]
	... 28 common frames omitted

